<?xml version="1.0" encoding="UTF-8"?>
<TestRun id="2a81ed15-20d6-4c56-a5e7-7af0644a2559" name="csmirnoff@BFNB12339 2014-09-16 11:21:54" runUser="BAUNET\csmirnoff" xmlns="http://microsoft.com/schemas/VisualStudio/TeamTest/2010">
  <TestSettings name="Local" id="c2a04dfe-17c9-4ba8-8abf-4e4758f44a08">
    <Description>These are default test settings for a local test run.</Description>
    <Deployment enabled="false" runDeploymentRoot="csmirnoff_BFNB12339 2014-09-16 11_21_54">
      <DeploymentItem filename="C:\Baufest\Comunidad .Net\Test-Oriented Development\TestOrientedDevelopment\packages\Moq.4.2.1408.0717\lib\net40\Moq.dll" />
      <DeploymentItem filename="C:\Baufest\Comunidad .Net\Test-Oriented Development\TestOrientedDevelopment\TestOrientedDevelopment.Tip1\bin\Debug\TestOrientedDevelopment.Tip1.dll" />
    </Deployment>
    <Execution>
      <TestTypeSpecific />
      <AgentRule name="Execution Agents">
      </AgentRule>
    </Execution>
  </TestSettings>
  <Times creation="2014-09-16T11:21:54.0083720-03:00" queuing="2014-09-16T11:21:54.3904181-03:00" start="2014-09-16T11:21:54.4284216-03:00" finish="2014-09-16T11:21:54.6904562-03:00" />
  <ResultSummary outcome="Completed">
    <Counters total="1" executed="1" passed="1" error="0" failed="0" timeout="0" aborted="0" inconclusive="0" passedButRunAborted="0" notRunnable="0" notExecuted="0" disconnected="0" warning="0" completed="0" inProgress="0" pending="0" />
  </ResultSummary>
  <TestDefinitions>
    <UnitTest name="GetLast10LoggedMessages" storage="c:\baufest\comunidad .net\test-oriented development\testorienteddevelopment\testorienteddevelopment.tip1.tests\bin\debug\testorienteddevelopment.tip1.tests.dll" id="608d15ee-e3d3-d6d9-854e-8ca91c667082">
      <Execution id="1f971a08-205d-4d23-95fe-5aa3a2fdde12" />
      <TestMethod codeBase="C:/Baufest/Comunidad .Net/Test-Oriented Development/TestOrientedDevelopment/TestOrientedDevelopment.Tip1.Tests/bin/Debug/TestOrientedDevelopment.Tip1.Tests.DLL" adapterTypeName="Microsoft.VisualStudio.TestTools.TestTypes.Unit.UnitTestAdapter, Microsoft.VisualStudio.QualityTools.Tips.UnitTest.Adapter, Version=10.0.0.0, Culture=neutral, PublicKeyToken=b03f5f7f11d50a3a" className="TestOrientedDevelopment.Tip1.Tests.Good.ApplicationTests, TestOrientedDevelopment.Tip1.Tests, Version=1.0.0.0, Culture=neutral, PublicKeyToken=null" name="GetLast10LoggedMessages" />
    </UnitTest>
  </TestDefinitions>
  <TestLists>
    <TestList name="Results Not in a List" id="8c84fa94-04c1-424b-9868-57a2d4851a1d" />
    <TestList name="All Loaded Results" id="19431567-8539-422a-85d7-44ee4e166bda" />
  </TestLists>
  <TestEntries>
    <TestEntry testId="608d15ee-e3d3-d6d9-854e-8ca91c667082" executionId="1f971a08-205d-4d23-95fe-5aa3a2fdde12" testListId="8c84fa94-04c1-424b-9868-57a2d4851a1d" />
  </TestEntries>
  <Results>
    <UnitTestResult executionId="1f971a08-205d-4d23-95fe-5aa3a2fdde12" testId="608d15ee-e3d3-d6d9-854e-8ca91c667082" testName="GetLast10LoggedMessages" computerName="BFNB12339" duration="00:00:00.0166365" startTime="2014-09-16T11:21:54.4364252-03:00" endTime="2014-09-16T11:21:54.6494514-03:00" testType="13cdc9d9-ddb5-4fa4-a97d-d965ccfc6d4b" outcome="Passed" testListId="8c84fa94-04c1-424b-9868-57a2d4851a1d" relativeResultsDirectory="1f971a08-205d-4d23-95fe-5aa3a2fdde12">
    </UnitTestResult>
  </Results>
</TestRun>