<?xml version="1.0" encoding="UTF-8"?>
<TestRun id="536b860f-53a6-4244-a5da-0e06486606b4" name="csmirnoff@BFNB12339 2014-09-16 10:08:32" runUser="BAUNET\csmirnoff" xmlns="http://microsoft.com/schemas/VisualStudio/TeamTest/2010">
  <TestSettings name="Local" id="c2a04dfe-17c9-4ba8-8abf-4e4758f44a08">
    <Description>These are default test settings for a local test run.</Description>
    <Deployment enabled="false" runDeploymentRoot="csmirnoff_BFNB12339 2014-09-16 10_08_32">
      <DeploymentItem filename="C:\Baufest\Comunidad .Net\Test-Oriented Development\TestOrientedDevelopment\TestOrientedDevelopment.Tip1\bin\Debug\TestOrientedDevelopment.Tip1.dll" />
    </Deployment>
    <Execution>
      <TestTypeSpecific />
      <AgentRule name="Execution Agents">
      </AgentRule>
    </Execution>
  </TestSettings>
  <Times creation="2014-09-16T10:08:32.3199902-03:00" queuing="2014-09-16T10:08:32.3530059-03:00" start="2014-09-16T10:08:32.3580096-03:00" finish="2014-09-16T10:08:32.5660385-03:00" />
  <ResultSummary outcome="Completed">
    <Counters total="1" executed="1" passed="1" error="0" failed="0" timeout="0" aborted="0" inconclusive="0" passedButRunAborted="0" notRunnable="0" notExecuted="0" disconnected="0" warning="0" completed="0" inProgress="0" pending="0" />
  </ResultSummary>
  <TestDefinitions>
    <UnitTest name="GetLast10LoggedMessagesFromCloud" storage="c:\baufest\comunidad .net\test-oriented development\testorienteddevelopment\testorienteddevelopment.tip1.tests\bin\debug\testorienteddevelopment.tip1.tests.dll" id="4afb1fa3-66d3-67dd-2232-3715cfff0e1c">
      <Execution id="fbfd17a6-9962-4f50-b0a3-e82611c0dbe4" />
      <TestMethod codeBase="C:/Baufest/Comunidad .Net/Test-Oriented Development/TestOrientedDevelopment/TestOrientedDevelopment.Tip1.Tests/bin/Debug/TestOrientedDevelopment.Tip1.Tests.DLL" adapterTypeName="Microsoft.VisualStudio.TestTools.TestTypes.Unit.UnitTestAdapter, Microsoft.VisualStudio.QualityTools.Tips.UnitTest.Adapter, Version=10.0.0.0, Culture=neutral, PublicKeyToken=b03f5f7f11d50a3a" className="TestOrientedDevelopment.Tip1.Tests.Bad.ApplicationTests, TestOrientedDevelopment.Tip1.Tests, Version=1.0.0.0, Culture=neutral, PublicKeyToken=null" name="GetLast10LoggedMessagesFromCloud" />
    </UnitTest>
  </TestDefinitions>
  <TestLists>
    <TestList name="Results Not in a List" id="8c84fa94-04c1-424b-9868-57a2d4851a1d" />
    <TestList name="All Loaded Results" id="19431567-8539-422a-85d7-44ee4e166bda" />
  </TestLists>
  <TestEntries>
    <TestEntry testId="4afb1fa3-66d3-67dd-2232-3715cfff0e1c" executionId="fbfd17a6-9962-4f50-b0a3-e82611c0dbe4" testListId="8c84fa94-04c1-424b-9868-57a2d4851a1d" />
  </TestEntries>
  <Results>
    <UnitTestResult executionId="fbfd17a6-9962-4f50-b0a3-e82611c0dbe4" testId="4afb1fa3-66d3-67dd-2232-3715cfff0e1c" testName="GetLast10LoggedMessagesFromCloud" computerName="BFNB12339" duration="00:00:00.0160761" startTime="2014-09-16T10:08:32.3620066-03:00" endTime="2014-09-16T10:08:32.5530412-03:00" testType="13cdc9d9-ddb5-4fa4-a97d-d965ccfc6d4b" outcome="Passed" testListId="8c84fa94-04c1-424b-9868-57a2d4851a1d" relativeResultsDirectory="fbfd17a6-9962-4f50-b0a3-e82611c0dbe4">
    </UnitTestResult>
  </Results>
</TestRun>