<?xml version="1.0" encoding="UTF-8"?>
<TestRun id="ecb4e9ee-7dc1-44af-ba5f-f08846ec12eb" name="csmirnoff@BFNB12339 2014-09-16 10:03:42" runUser="BAUNET\csmirnoff" xmlns="http://microsoft.com/schemas/VisualStudio/TeamTest/2010">
  <TestSettings name="Local" id="c2a04dfe-17c9-4ba8-8abf-4e4758f44a08">
    <Description>These are default test settings for a local test run.</Description>
    <Deployment enabled="false" runDeploymentRoot="csmirnoff_BFNB12339 2014-09-16 10_03_42">
      <DeploymentItem filename="C:\Baufest\Comunidad .Net\Test-Oriented Development\TestOrientedDevelopment\TestOrientedDevelopment.Tip1\bin\Debug\TestOrientedDevelopment.Tip1.dll" />
    </Deployment>
    <Execution>
      <TestTypeSpecific />
      <AgentRule name="Execution Agents">
      </AgentRule>
    </Execution>
  </TestSettings>
  <Times creation="2014-09-16T10:03:42.4711191-03:00" queuing="2014-09-16T10:03:42.5411380-03:00" start="2014-09-16T10:03:42.5461386-03:00" finish="2014-09-16T10:03:42.7521613-03:00" />
  <ResultSummary outcome="Completed">
    <Counters total="1" executed="1" passed="1" error="0" failed="0" timeout="0" aborted="0" inconclusive="0" passedButRunAborted="0" notRunnable="0" notExecuted="0" disconnected="0" warning="0" completed="0" inProgress="0" pending="0" />
  </ResultSummary>
  <TestDefinitions>
    <UnitTest name="GetLast10LoggedMessages" storage="c:\baufest\comunidad .net\test-oriented development\testorienteddevelopment\testorienteddevelopment.tip1.tests\bin\debug\testorienteddevelopment.tip1.tests.dll" id="983dbd89-03d7-898f-f180-ed63cb9ebb36">
      <Execution id="629ce17d-2160-476f-958b-1986c72b87e0" />
      <TestMethod codeBase="C:/Baufest/Comunidad .Net/Test-Oriented Development/TestOrientedDevelopment/TestOrientedDevelopment.Tip1.Tests/bin/Debug/TestOrientedDevelopment.Tip1.Tests.DLL" adapterTypeName="Microsoft.VisualStudio.TestTools.TestTypes.Unit.UnitTestAdapter, Microsoft.VisualStudio.QualityTools.Tips.UnitTest.Adapter, Version=10.0.0.0, Culture=neutral, PublicKeyToken=b03f5f7f11d50a3a" className="TestOrientedDevelopment.Tip1.Tests.Bad.ApplicationTests, TestOrientedDevelopment.Tip1.Tests, Version=1.0.0.0, Culture=neutral, PublicKeyToken=null" name="GetLast10LoggedMessages" />
    </UnitTest>
  </TestDefinitions>
  <TestLists>
    <TestList name="Results Not in a List" id="8c84fa94-04c1-424b-9868-57a2d4851a1d" />
    <TestList name="All Loaded Results" id="19431567-8539-422a-85d7-44ee4e166bda" />
  </TestLists>
  <TestEntries>
    <TestEntry testId="983dbd89-03d7-898f-f180-ed63cb9ebb36" executionId="629ce17d-2160-476f-958b-1986c72b87e0" testListId="8c84fa94-04c1-424b-9868-57a2d4851a1d" />
  </TestEntries>
  <Results>
    <UnitTestResult executionId="629ce17d-2160-476f-958b-1986c72b87e0" testId="983dbd89-03d7-898f-f180-ed63cb9ebb36" testName="GetLast10LoggedMessages" computerName="BFNB12339" duration="00:00:00.0153113" startTime="2014-09-16T10:03:42.5491387-03:00" endTime="2014-09-16T10:03:42.7321585-03:00" testType="13cdc9d9-ddb5-4fa4-a97d-d965ccfc6d4b" outcome="Passed" testListId="8c84fa94-04c1-424b-9868-57a2d4851a1d" relativeResultsDirectory="629ce17d-2160-476f-958b-1986c72b87e0">
    </UnitTestResult>
  </Results>
</TestRun>