<?xml version="1.0" encoding="UTF-8"?>
<TestRun id="de159200-fa92-4aa6-8251-1aeac2c2fabf" name="csmirnoff@BFNB12339 2014-09-16 10:17:36" runUser="BAUNET\csmirnoff" xmlns="http://microsoft.com/schemas/VisualStudio/TeamTest/2010">
  <TestSettings name="Local" id="c2a04dfe-17c9-4ba8-8abf-4e4758f44a08">
    <Description>These are default test settings for a local test run.</Description>
    <Deployment enabled="false" runDeploymentRoot="csmirnoff_BFNB12339 2014-09-16 10_17_36">
      <DeploymentItem filename="C:\Baufest\Comunidad .Net\Test-Oriented Development\TestOrientedDevelopment\TestOrientedDevelopment.Tip1\bin\Debug\TestOrientedDevelopment.Tip1.dll" />
      <DeploymentItem filename="C:\Baufest\Comunidad .Net\Test-Oriented Development\TestOrientedDevelopment\packages\Moq.4.2.1408.0717\lib\net40\Moq.dll" />
    </Deployment>
    <Execution>
      <TestTypeSpecific />
      <AgentRule name="Execution Agents">
      </AgentRule>
    </Execution>
  </TestSettings>
  <Times creation="2014-09-16T10:17:36.2332660-03:00" queuing="2014-09-16T10:17:36.2642595-03:00" start="2014-09-16T10:17:36.2702597-03:00" finish="2014-09-16T10:17:36.5042878-03:00" />
  <ResultSummary outcome="Failed">
    <Counters total="1" executed="1" error="0" failed="1" timeout="0" aborted="0" inconclusive="0" passedButRunAborted="0" notRunnable="0" notExecuted="0" disconnected="0" warning="0" passed="0" completed="0" inProgress="0" pending="0" />
  </ResultSummary>
  <TestDefinitions>
    <UnitTest name="GetLast10LoggedMessagesFromCloud" storage="c:\baufest\comunidad .net\test-oriented development\testorienteddevelopment\testorienteddevelopment.tip1.tests\bin\debug\testorienteddevelopment.tip1.tests.dll" id="4afb1fa3-66d3-67dd-2232-3715cfff0e1c">
      <Execution id="9df4dcf2-0eba-4f4e-88b8-f4273002e608" />
      <TestMethod codeBase="C:/Baufest/Comunidad .Net/Test-Oriented Development/TestOrientedDevelopment/TestOrientedDevelopment.Tip1.Tests/bin/Debug/TestOrientedDevelopment.Tip1.Tests.DLL" adapterTypeName="Microsoft.VisualStudio.TestTools.TestTypes.Unit.UnitTestAdapter, Microsoft.VisualStudio.QualityTools.Tips.UnitTest.Adapter, Version=10.0.0.0, Culture=neutral, PublicKeyToken=b03f5f7f11d50a3a" className="TestOrientedDevelopment.Tip1.Tests.Bad.ApplicationTests, TestOrientedDevelopment.Tip1.Tests, Version=1.0.0.0, Culture=neutral, PublicKeyToken=null" name="GetLast10LoggedMessagesFromCloud" />
    </UnitTest>
  </TestDefinitions>
  <TestLists>
    <TestList name="Results Not in a List" id="8c84fa94-04c1-424b-9868-57a2d4851a1d" />
    <TestList name="All Loaded Results" id="19431567-8539-422a-85d7-44ee4e166bda" />
  </TestLists>
  <TestEntries>
    <TestEntry testId="4afb1fa3-66d3-67dd-2232-3715cfff0e1c" executionId="9df4dcf2-0eba-4f4e-88b8-f4273002e608" testListId="8c84fa94-04c1-424b-9868-57a2d4851a1d" />
  </TestEntries>
  <Results>
    <UnitTestResult executionId="9df4dcf2-0eba-4f4e-88b8-f4273002e608" testId="4afb1fa3-66d3-67dd-2232-3715cfff0e1c" testName="GetLast10LoggedMessagesFromCloud" computerName="BFNB12339" duration="00:00:00.0605569" startTime="2014-09-16T10:17:36.2732607-03:00" endTime="2014-09-16T10:17:36.4892905-03:00" testType="13cdc9d9-ddb5-4fa4-a97d-d965ccfc6d4b" outcome="Failed" testListId="8c84fa94-04c1-424b-9868-57a2d4851a1d" relativeResultsDirectory="9df4dcf2-0eba-4f4e-88b8-f4273002e608">
      <Output>
        <ErrorInfo>
          <Message>Assert.AreEqual failed. Expected:&lt;11&gt;. Actual:&lt;1&gt;. </Message>
          <StackTrace>   at TestOrientedDevelopment.Tip1.Tests.Bad.ApplicationTests.GetLast10LoggedMessagesFromCloud() in C:\Baufest\Comunidad .Net\Test-Oriented Development\TestOrientedDevelopment\TestOrientedDevelopment.Tip1.Tests\Bad\ApplicationTests.cs:line 34
</StackTrace>
        </ErrorInfo>
      </Output>
    </UnitTestResult>
  </Results>
</TestRun>